生成启动时间为 2018/2/6 15:40:03。
     1>项目“E:\codeText\正则表达式\正则表达式\正则表达式.vcxproj”在节点 2 上(Build 个目标)。
     1>ClCompile:
         D:\VS2013\VC\bin\CL.exe /c /ZI /nologo /W3 /WX- /sdl /Od /Oy- /D WIN32 /D _DEBUG /D _CONSOLE /D _LIB /D _MBCS /Gm /EHsc /RTC1 /MDd /GS /fp:precise /Zc:wchar_t /Zc:forScope /Yc"stdafx.h" /Fp"Debug\正则表达式.pch" /Fo"Debug\\" /Fd"Debug\vc120.pdb" /Gd /TP /analyze- /errorReport:prompt stdafx.cpp
         stdafx.cpp
         D:\VS2013\VC\bin\CL.exe /c /ZI /nologo /W3 /WX- /sdl /Od /Oy- /D WIN32 /D _DEBUG /D _CONSOLE /D _LIB /D _MBCS /Gm /EHsc /RTC1 /MDd /GS /fp:precise /Zc:wchar_t /Zc:forScope /Yu"stdafx.h" /Fp"Debug\正则表达式.pch" /Fo"Debug\\" /Fd"Debug\vc120.pdb" /Gd /TP /analyze- /errorReport:prompt "正则表达式.cpp"
         正则表达式.cpp
     1>e:\codetext\正则表达式\正则表达式\正则表达式.cpp(12): error C2065: “regex_t”: 未声明的标识符
     1>e:\codetext\正则表达式\正则表达式\正则表达式.cpp(12): error C2146: 语法错误: 缺少“;”(在标识符“re”的前面)
     1>e:\codetext\正则表达式\正则表达式\正则表达式.cpp(12): error C2065: “re”: 未声明的标识符
     1>e:\codetext\正则表达式\正则表达式\正则表达式.cpp(13): error C2065: “regmatch_t”: 未声明的标识符
     1>e:\codetext\正则表达式\正则表达式\正则表达式.cpp(13): error C2146: 语法错误: 缺少“;”(在标识符“subs”的前面)
     1>e:\codetext\正则表达式\正则表达式\正则表达式.cpp(13): error C2065: “subs”: 未声明的标识符
     1>e:\codetext\正则表达式\正则表达式\正则表达式.cpp(18): error C2065: “re”: 未声明的标识符
     1>e:\codetext\正则表达式\正则表达式\正则表达式.cpp(18): error C2065: “REG_EXTENDED”: 未声明的标识符
     1>e:\codetext\正则表达式\正则表达式\正则表达式.cpp(18): error C3861: “regcomp”:  找不到标识符
     1>e:\codetext\正则表达式\正则表达式\正则表达式.cpp(27): error C2065: “subs”: 未声明的标识符
     1>e:\codetext\正则表达式\正则表达式\正则表达式.cpp(27): error C2070: “unknown-type”:  非法的 sizeof 操作数
     1>e:\codetext\正则表达式\正则表达式\正则表达式.cpp(28): error C2065: “re”: 未声明的标识符
     1>e:\codetext\正则表达式\正则表达式\正则表达式.cpp(28): error C2065: “subs”: 未声明的标识符
     1>e:\codetext\正则表达式\正则表达式\正则表达式.cpp(28): error C3861: “regexec”:  找不到标识符
     1>e:\codetext\正则表达式\正则表达式\正则表达式.cpp(29): error C2065: “REG_NOMATCH”: 未声明的标识符
     1>e:\codetext\正则表达式\正则表达式\正则表达式.cpp(34): error C2065: “re”: 未声明的标识符
     1>e:\codetext\正则表达式\正则表达式\正则表达式.cpp(34): error C3861: “regerror”:  找不到标识符
     1>e:\codetext\正则表达式\正则表达式\正则表达式.cpp(38): error C2065: “subs”: 未声明的标识符
     1>e:\codetext\正则表达式\正则表达式\正则表达式.cpp(38): error C2228: “.rm_eo”的左边必须有类/结构/联合
     1>e:\codetext\正则表达式\正则表达式\正则表达式.cpp(38): error C2228: “.rm_so”的左边必须有类/结构/联合
     1>e:\codetext\正则表达式\正则表达式\正则表达式.cpp(39): error C2065: “subs”: 未声明的标识符
     1>e:\codetext\正则表达式\正则表达式\正则表达式.cpp(39): error C2228: “.rm_so”的左边必须有类/结构/联合
     1>e:\codetext\正则表达式\正则表达式\正则表达式.cpp(39): error C2660: “memcpy”: 函数不接受 2 个参数
     1>e:\codetext\正则表达式\正则表达式\正则表达式.cpp(42): error C2065: “subs”: 未声明的标识符
     1>e:\codetext\正则表达式\正则表达式\正则表达式.cpp(42): error C2228: “.rm_so”的左边必须有类/结构/联合
     1>e:\codetext\正则表达式\正则表达式\正则表达式.cpp(45): error C2065: “re”: 未声明的标识符
     1>e:\codetext\正则表达式\正则表达式\正则表达式.cpp(45): error C3861: “regfree”:  找不到标识符
     1>已完成生成项目“E:\codeText\正则表达式\正则表达式\正则表达式.vcxproj”(Build 个目标)的操作 - 失败。

生成失败。

已用时间 00:00:02.36
